<?xml version="1.0" encoding="UTF-8"?>
<!-- Generated by org.testng.reporters.JUnitReportReporter -->
<testsuite hostname="DESKTOP-PGNCCBS" failures="0" tests="1" name="seleniumfirst.TestN" time="16.428" errors="0" timestamp="2023-02-08T19:55:33 IST" skipped="0">
  <testcase classname="seleniumfirst.TestN" name="launch" time="16.428"/>
  <system-out/>
</testsuite> <!-- seleniumfirst.TestN -->
